2024-10-25 14:40:07 - [error] - Tentative de chargement du contrôleur : MediaboxController et de la méthode : index
2024-10-25 14:40:07 - [error] - Appel de la méthode index dans le contrôleur MediaboxController
2024-10-25 14:40:14 - [error] - Tentative de chargement du contrôleur : AudioController et de la méthode : list
2024-10-25 14:40:14 - [error] - Appel de la méthode list dans le contrôleur AudioController
2024-10-25 14:46:55 - [error] - Tentative de chargement du contrôleur : AudioController et de la méthode : list
2024-10-25 14:46:55 - [error] - Appel de la méthode list dans le contrôleur AudioController
2024-10-25 14:47:48 - [error] - Tentative de chargement du contrôleur : AudioController et de la méthode : insert
2024-10-25 14:47:50 - [error] - Tentative de chargement du contrôleur : AudioController et de la méthode : list
2024-10-25 14:47:50 - [error] - Appel de la méthode list dans le contrôleur AudioController
2024-10-25 14:47:51 - [error] - Tentative de chargement du contrôleur : MediaboxController et de la méthode : index
2024-10-25 14:47:51 - [error] - Appel de la méthode index dans le contrôleur MediaboxController
2024-10-25 14:47:58 - [error] - Tentative de chargement du contrôleur : CompteController et de la méthode : index
2024-10-25 14:47:58 - [error] - Appel de la méthode index dans le contrôleur CompteController
2024-10-25 14:52:42 - [error] - Tentative de chargement du contrôleur : CompteController et de la méthode : index
2024-10-25 14:52:42 - [error] - Appel de la méthode index dans le contrôleur CompteController
2024-10-25 14:56:43 - [error] - Erreur CSRF : jeton invalide.
2024-10-25 14:56:52 - [error] - Erreur CSRF : jeton invalide.
2024-10-25 14:56:56 - [error] - Tentative de chargement du contrôleur : CompteController et de la méthode : index
2024-10-25 14:56:56 - [error] - Appel de la méthode index dans le contrôleur CompteController
2024-10-25 14:57:19 - [error] - Erreur CSRF : jeton invalide.
2024-10-25 14:57:22 - [error] - Tentative de chargement du contrôleur : CompteController et de la méthode : index
2024-10-25 14:57:22 - [error] - Appel de la méthode index dans le contrôleur CompteController
2024-10-25 14:57:38 - [error] - Tentative de chargement du contrôleur : CompteController et de la méthode : index
2024-10-25 14:57:38 - [error] - Appel de la méthode index dans le contrôleur CompteController
2024-10-25 14:58:13 - [error] - Tentative de chargement du contrôleur : CompteController et de la méthode : addMusic
2024-10-25 14:58:13 - [error] - Appel de la méthode addMusic dans le contrôleur CompteController
2024-10-25 14:58:13 - [error] - Données du formulaire reçues : {"title":"Test1","artiste":"Test1","image":"Alicia3.webp","path":"Alicia Keys - 03. When It_s All Over.m4a","csrf_token":"69c69cdb144960dd608cb738c908835218814e0cfd9c6a0898326a644c570de6","hide":""}
2024-10-25 14:58:13 - [error] - Données insérées avec succès dans la base de données.
2024-10-25 14:58:13 - [error] - Tentative de chargement du contrôleur : CompteController et de la méthode : index
2024-10-25 14:58:13 - [error] - Appel de la méthode index dans le contrôleur CompteController
2024-10-25 14:58:18 - [error] - Tentative de chargement du contrôleur : MediaboxController et de la méthode : index
2024-10-25 14:58:18 - [error] - Appel de la méthode index dans le contrôleur MediaboxController
2024-10-25 14:58:19 - [error] - Tentative de chargement du contrôleur : AudioController et de la méthode : list
2024-10-25 14:58:19 - [error] - Appel de la méthode list dans le contrôleur AudioController
2024-10-25 15:02:17 - [error] - Tentative de chargement du contrôleur : AudioController et de la méthode : list
2024-10-25 15:02:17 - [error] - Appel de la méthode list dans le contrôleur AudioController
2024-10-25 15:10:04 - [error] - Tentative de chargement du contrôleur : AudioController et de la méthode : list
2024-10-25 15:10:04 - [error] - Appel de la méthode list dans le contrôleur AudioController
2024-10-25 15:22:33 - [error] - Tentative de chargement du contrôleur : AudioController et de la méthode : list
2024-10-25 15:22:33 - [error] - Appel de la méthode list dans le contrôleur AudioController
2024-10-25 15:38:58 - [error] - Tentative de chargement du contrôleur : AudioController et de la méthode : list
2024-10-25 15:38:58 - [error] - Appel de la méthode list dans le contrôleur AudioController
2024-10-25 15:39:03 - [error] - Tentative de chargement du contrôleur : AudioController et de la méthode : list
2024-10-25 15:39:03 - [error] - Appel de la méthode list dans le contrôleur AudioController
2024-10-25 15:45:48 - [error] - Tentative de chargement du contrôleur : AudioController et de la méthode : list
2024-10-25 15:45:48 - [error] - Appel de la méthode list dans le contrôleur AudioController
2024-10-25 15:55:56 - [error] - Tentative de chargement du contrôleur : AudioController et de la méthode : list
2024-10-25 15:55:56 - [error] - Appel de la méthode list dans le contrôleur AudioController
2024-10-25 16:09:18 - [error] - Tentative de chargement du contrôleur : AudioController et de la méthode : list
2024-10-25 16:09:18 - [error] - Appel de la méthode list dans le contrôleur AudioController
2024-10-25 16:10:11 - [error] - Tentative de chargement du contrôleur : AudioController et de la méthode : list
2024-10-25 16:10:11 - [error] - Appel de la méthode list dans le contrôleur AudioController
2024-10-25 16:11:39 - [error] - Tentative de chargement du contrôleur : AudioController et de la méthode : list
2024-10-25 16:11:39 - [error] - Appel de la méthode list dans le contrôleur AudioController
2024-10-25 16:13:19 - [error] - Tentative de chargement du contrôleur : AudioController et de la méthode : list
2024-10-25 16:13:19 - [error] - Appel de la méthode list dans le contrôleur AudioController
2024-10-25 16:14:31 - [error] - Tentative de chargement du contrôleur : AudioController et de la méthode : list
2024-10-25 16:14:31 - [error] - Appel de la méthode list dans le contrôleur AudioController
2024-10-25 16:15:01 - [error] - Tentative de chargement du contrôleur : AudioController et de la méthode : list
2024-10-25 16:15:01 - [error] - Appel de la méthode list dans le contrôleur AudioController
2024-10-25 16:19:06 - [error] - Tentative de chargement du contrôleur : AudioController et de la méthode : list
2024-10-25 16:19:06 - [error] - Appel de la méthode list dans le contrôleur AudioController
2024-10-25 16:19:08 - [error] - Tentative de chargement du contrôleur : AudioController et de la méthode : list
2024-10-25 16:19:08 - [error] - Appel de la méthode list dans le contrôleur AudioController
2024-10-25 16:19:10 - [error] - Tentative de chargement du contrôleur : AudioController et de la méthode : list
2024-10-25 16:19:10 - [error] - Appel de la méthode list dans le contrôleur AudioController
2024-10-25 16:20:07 - [error] - Tentative de chargement du contrôleur : AudioController et de la méthode : list
2024-10-25 16:20:07 - [error] - Appel de la méthode list dans le contrôleur AudioController
2024-10-25 16:20:10 - [error] - Tentative de chargement du contrôleur : AudioController et de la méthode : list
2024-10-25 16:20:10 - [error] - Appel de la méthode list dans le contrôleur AudioController
2024-10-25 16:20:11 - [error] - Tentative de chargement du contrôleur : AudioController et de la méthode : list
2024-10-25 16:20:11 - [error] - Appel de la méthode list dans le contrôleur AudioController
2024-10-25 16:20:12 - [error] - Tentative de chargement du contrôleur : AudioController et de la méthode : list
2024-10-25 16:20:12 - [error] - Appel de la méthode list dans le contrôleur AudioController
2024-10-25 16:20:13 - [error] - Tentative de chargement du contrôleur : AudioController et de la méthode : list
2024-10-25 16:20:13 - [error] - Appel de la méthode list dans le contrôleur AudioController
2024-10-25 16:21:39 - [error] - Tentative de chargement du contrôleur : AudioController et de la méthode : list
2024-10-25 16:21:39 - [error] - Appel de la méthode list dans le contrôleur AudioController
2024-10-25 16:21:40 - [error] - Tentative de chargement du contrôleur : AudioController et de la méthode : list
2024-10-25 16:21:40 - [error] - Appel de la méthode list dans le contrôleur AudioController
2024-10-25 16:21:42 - [error] - Tentative de chargement du contrôleur : AudioController et de la méthode : list
2024-10-25 16:21:42 - [error] - Appel de la méthode list dans le contrôleur AudioController
2024-10-25 16:23:05 - [error] - Tentative de chargement du contrôleur : AudioController et de la méthode : list
2024-10-25 16:23:05 - [error] - Appel de la méthode list dans le contrôleur AudioController
2024-10-25 16:23:06 - [error] - Tentative de chargement du contrôleur : AudioController et de la méthode : list
2024-10-25 16:23:06 - [error] - Appel de la méthode list dans le contrôleur AudioController
2024-10-25 16:24:14 - [error] - Tentative de chargement du contrôleur : AudioController et de la méthode : list
2024-10-25 16:24:14 - [error] - Appel de la méthode list dans le contrôleur AudioController
2024-10-25 16:24:15 - [error] - Tentative de chargement du contrôleur : AudioController et de la méthode : list
2024-10-25 16:24:15 - [error] - Appel de la méthode list dans le contrôleur AudioController
2024-10-25 16:24:17 - [error] - Tentative de chargement du contrôleur : AudioController et de la méthode : list
2024-10-25 16:24:17 - [error] - Appel de la méthode list dans le contrôleur AudioController
2024-10-25 16:26:23 - [error] - Tentative de chargement du contrôleur : AudioController et de la méthode : list
2024-10-25 16:26:23 - [error] - Appel de la méthode list dans le contrôleur AudioController
2024-10-25 16:27:11 - [error] - Tentative de chargement du contrôleur : AudioController et de la méthode : list
2024-10-25 16:27:11 - [error] - Appel de la méthode list dans le contrôleur AudioController
2024-10-25 16:27:44 - [error] - Tentative de chargement du contrôleur : AudioController et de la méthode : list
2024-10-25 16:27:44 - [error] - Appel de la méthode list dans le contrôleur AudioController
2024-10-25 16:27:45 - [error] - Tentative de chargement du contrôleur : AudioController et de la méthode : list
2024-10-25 16:27:45 - [error] - Appel de la méthode list dans le contrôleur AudioController
2024-10-25 16:27:46 - [error] - Tentative de chargement du contrôleur : AudioController et de la méthode : list
2024-10-25 16:27:46 - [error] - Appel de la méthode list dans le contrôleur AudioController
2024-10-25 16:27:48 - [error] - Tentative de chargement du contrôleur : AudioController et de la méthode : list
2024-10-25 16:27:48 - [error] - Appel de la méthode list dans le contrôleur AudioController
2024-10-25 16:28:04 - [error] - Tentative de chargement du contrôleur : AudioController et de la méthode : list
2024-10-25 16:28:04 - [error] - Appel de la méthode list dans le contrôleur AudioController
2024-10-25 16:28:05 - [error] - Tentative de chargement du contrôleur : AudioController et de la méthode : list
2024-10-25 16:28:05 - [error] - Appel de la méthode list dans le contrôleur AudioController
2024-10-25 16:28:07 - [error] - Tentative de chargement du contrôleur : AudioController et de la méthode : list
2024-10-25 16:28:07 - [error] - Appel de la méthode list dans le contrôleur AudioController
2024-10-25 16:30:24 - [error] - Tentative de chargement du contrôleur : AudioController et de la méthode : list
2024-10-25 16:30:24 - [error] - Appel de la méthode list dans le contrôleur AudioController
2024-10-25 16:31:28 - [error] - Tentative de chargement du contrôleur : AudioController et de la méthode : list
2024-10-25 16:31:28 - [error] - Appel de la méthode list dans le contrôleur AudioController
2024-10-25 16:34:20 - [error] - Tentative de chargement du contrôleur : AudioController et de la méthode : list
2024-10-25 16:34:20 - [error] - Appel de la méthode list dans le contrôleur AudioController
2024-10-25 16:37:46 - [error] - Tentative de chargement du contrôleur : AudioController et de la méthode : list
2024-10-25 16:37:46 - [error] - Appel de la méthode list dans le contrôleur AudioController
2024-10-25 16:40:07 - [error] - Tentative de chargement du contrôleur : AudioController et de la méthode : list
2024-10-25 16:40:07 - [error] - Appel de la méthode list dans le contrôleur AudioController
2024-10-25 16:40:08 - [error] - Tentative de chargement du contrôleur : AudioController et de la méthode : list
2024-10-25 16:40:08 - [error] - Appel de la méthode list dans le contrôleur AudioController
2024-10-25 16:40:10 - [error] - Tentative de chargement du contrôleur : AudioController et de la méthode : list
2024-10-25 16:40:10 - [error] - Appel de la méthode list dans le contrôleur AudioController
2024-10-25 16:40:11 - [error] - Tentative de chargement du contrôleur : AudioController et de la méthode : list
2024-10-25 16:40:11 - [error] - Appel de la méthode list dans le contrôleur AudioController
2024-10-25 16:40:25 - [error] - Tentative de chargement du contrôleur : AudioController et de la méthode : list
2024-10-25 16:40:25 - [error] - Appel de la méthode list dans le contrôleur AudioController
2024-10-25 16:40:26 - [error] - Tentative de chargement du contrôleur : AudioController et de la méthode : list
2024-10-25 16:40:26 - [error] - Appel de la méthode list dans le contrôleur AudioController
2024-10-25 16:40:27 - [error] - Tentative de chargement du contrôleur : AudioController et de la méthode : list
2024-10-25 16:40:27 - [error] - Appel de la méthode list dans le contrôleur AudioController
2024-10-25 16:45:54 - [error] - Tentative de chargement du contrôleur : AudioController et de la méthode : list
2024-10-25 16:45:54 - [error] - Appel de la méthode list dans le contrôleur AudioController
2024-10-25 16:52:38 - [error] - Tentative de chargement du contrôleur : AudioController et de la méthode : list
2024-10-25 16:52:38 - [error] - Appel de la méthode list dans le contrôleur AudioController
2024-10-25 16:52:39 - [error] - Tentative de chargement du contrôleur : AudioController et de la méthode : list
2024-10-25 16:52:39 - [error] - Appel de la méthode list dans le contrôleur AudioController
2024-10-25 16:52:40 - [error] - Tentative de chargement du contrôleur : AudioController et de la méthode : list
2024-10-25 16:52:40 - [error] - Appel de la méthode list dans le contrôleur AudioController
2024-10-25 16:53:33 - [error] - Tentative de chargement du contrôleur : AudioController et de la méthode : list
2024-10-25 16:53:33 - [error] - Appel de la méthode list dans le contrôleur AudioController
2024-10-25 16:53:35 - [error] - Tentative de chargement du contrôleur : AudioController et de la méthode : list
2024-10-25 16:53:35 - [error] - Appel de la méthode list dans le contrôleur AudioController
2024-10-25 16:59:50 - [error] - Tentative de chargement du contrôleur : AudioController et de la méthode : list
2024-10-25 16:59:50 - [error] - Appel de la méthode list dans le contrôleur AudioController
2024-10-25 16:59:52 - [error] - Tentative de chargement du contrôleur : AudioController et de la méthode : list
2024-10-25 16:59:52 - [error] - Appel de la méthode list dans le contrôleur AudioController
2024-10-25 16:59:56 - [error] - Tentative de chargement du contrôleur : AudioController et de la méthode : list
2024-10-25 16:59:56 - [error] - Appel de la méthode list dans le contrôleur AudioController
2024-10-25 17:00:02 - [error] - Tentative de chargement du contrôleur : AudioController et de la méthode : list
2024-10-25 17:00:02 - [error] - Appel de la méthode list dans le contrôleur AudioController
2024-10-25 17:00:03 - [error] - Tentative de chargement du contrôleur : AudioController et de la méthode : list
2024-10-25 17:00:03 - [error] - Appel de la méthode list dans le contrôleur AudioController
2024-10-25 17:00:04 - [error] - Tentative de chargement du contrôleur : AudioController et de la méthode : list
2024-10-25 17:00:04 - [error] - Appel de la méthode list dans le contrôleur AudioController
2024-10-25 17:01:32 - [error] - Tentative de chargement du contrôleur : AudioController et de la méthode : list
2024-10-25 17:01:32 - [error] - Appel de la méthode list dans le contrôleur AudioController
2024-10-25 17:01:44 - [error] - Tentative de chargement du contrôleur : AudioController et de la méthode : insert
2024-10-25 17:01:47 - [error] - Tentative de chargement du contrôleur : AudioController et de la méthode : insert
2024-10-25 17:01:49 - [error] - Tentative de chargement du contrôleur : AudioController et de la méthode : list
2024-10-25 17:01:49 - [error] - Appel de la méthode list dans le contrôleur AudioController
2024-10-25 17:04:38 - [error] - Tentative de chargement du contrôleur : AudioController et de la méthode : list
2024-10-25 17:04:38 - [error] - Appel de la méthode list dans le contrôleur AudioController
2024-10-25 17:04:42 - [error] - Tentative de chargement du contrôleur : AudioController et de la méthode : list
2024-10-25 17:04:42 - [error] - Appel de la méthode list dans le contrôleur AudioController
2024-10-25 17:05:45 - [error] - Tentative de chargement du contrôleur : AudioController et de la méthode : list
2024-10-25 17:05:45 - [error] - Appel de la méthode list dans le contrôleur AudioController
2024-10-25 17:05:47 - [error] - Tentative de chargement du contrôleur : AudioController et de la méthode : list
2024-10-25 17:05:47 - [error] - Appel de la méthode list dans le contrôleur AudioController
2024-10-25 17:05:49 - [error] - Tentative de chargement du contrôleur : AudioController et de la méthode : list
2024-10-25 17:05:49 - [error] - Appel de la méthode list dans le contrôleur AudioController
2024-10-25 17:12:09 - [error] - Tentative de chargement du contrôleur : AudioController et de la méthode : list
2024-10-25 17:12:09 - [error] - Appel de la méthode list dans le contrôleur AudioController
2024-10-25 17:14:11 - [error] - Tentative de chargement du contrôleur : AudioController et de la méthode : list
2024-10-25 17:14:11 - [error] - Appel de la méthode list dans le contrôleur AudioController
2024-10-25 17:14:13 - [error] - Tentative de chargement du contrôleur : AudioController et de la méthode : list
2024-10-25 17:14:13 - [error] - Appel de la méthode list dans le contrôleur AudioController
2024-10-25 17:14:21 - [error] - Tentative de chargement du contrôleur : AudioController et de la méthode : list
2024-10-25 17:14:21 - [error] - Appel de la méthode list dans le contrôleur AudioController
2024-10-25 17:14:22 - [error] - Tentative de chargement du contrôleur : AudioController et de la méthode : list
2024-10-25 17:14:22 - [error] - Appel de la méthode list dans le contrôleur AudioController
2024-10-25 17:14:23 - [error] - Tentative de chargement du contrôleur : AudioController et de la méthode : list
2024-10-25 17:14:23 - [error] - Appel de la méthode list dans le contrôleur AudioController
2024-10-25 17:14:33 - [error] - Tentative de chargement du contrôleur : AudioController et de la méthode : list
2024-10-25 17:14:33 - [error] - Appel de la méthode list dans le contrôleur AudioController
2024-10-25 17:20:15 - [error] - Tentative de chargement du contrôleur : AudioController et de la méthode : list
2024-10-25 17:20:15 - [error] - Appel de la méthode list dans le contrôleur AudioController
2024-10-25 17:22:37 - [error] - Tentative de chargement du contrôleur : AudioController et de la méthode : list
2024-10-25 17:22:37 - [error] - Appel de la méthode list dans le contrôleur AudioController
2024-10-25 17:22:39 - [error] - Tentative de chargement du contrôleur : AudioController et de la méthode : list
2024-10-25 17:22:39 - [error] - Appel de la méthode list dans le contrôleur AudioController
2024-10-25 17:22:44 - [error] - Tentative de chargement du contrôleur : AudioController et de la méthode : list
2024-10-25 17:22:44 - [error] - Appel de la méthode list dans le contrôleur AudioController
2024-10-25 17:22:45 - [error] - Tentative de chargement du contrôleur : AudioController et de la méthode : list
2024-10-25 17:22:45 - [error] - Appel de la méthode list dans le contrôleur AudioController
2024-10-25 17:22:46 - [error] - Tentative de chargement du contrôleur : AudioController et de la méthode : list
2024-10-25 17:22:46 - [error] - Appel de la méthode list dans le contrôleur AudioController
2024-10-25 17:23:47 - [error] - Tentative de chargement du contrôleur : AudioController et de la méthode : list
2024-10-25 17:23:47 - [error] - Appel de la méthode list dans le contrôleur AudioController
2024-10-25 17:23:48 - [error] - Tentative de chargement du contrôleur : AudioController et de la méthode : list
2024-10-25 17:23:48 - [error] - Appel de la méthode list dans le contrôleur AudioController
2024-10-25 17:23:51 - [error] - Tentative de chargement du contrôleur : AudioController et de la méthode : list
2024-10-25 17:23:51 - [error] - Appel de la méthode list dans le contrôleur AudioController
2024-10-25 17:23:52 - [error] - Tentative de chargement du contrôleur : AudioController et de la méthode : list
2024-10-25 17:23:52 - [error] - Appel de la méthode list dans le contrôleur AudioController
2024-10-25 17:23:53 - [error] - Tentative de chargement du contrôleur : AudioController et de la méthode : list
2024-10-25 17:23:53 - [error] - Appel de la méthode list dans le contrôleur AudioController
2024-10-25 17:23:53 - [error] - Tentative de chargement du contrôleur : AudioController et de la méthode : list
2024-10-25 17:23:53 - [error] - Appel de la méthode list dans le contrôleur AudioController
2024-10-25 17:23:54 - [error] - Tentative de chargement du contrôleur : AudioController et de la méthode : list
2024-10-25 17:23:54 - [error] - Appel de la méthode list dans le contrôleur AudioController
2024-10-25 17:23:54 - [error] - Tentative de chargement du contrôleur : AudioController et de la méthode : list
2024-10-25 17:23:54 - [error] - Appel de la méthode list dans le contrôleur AudioController
2024-10-25 17:23:54 - [error] - Tentative de chargement du contrôleur : AudioController et de la méthode : list
2024-10-25 17:23:54 - [error] - Appel de la méthode list dans le contrôleur AudioController
2024-10-25 17:23:54 - [error] - Tentative de chargement du contrôleur : AudioController et de la méthode : list
2024-10-25 17:23:54 - [error] - Appel de la méthode list dans le contrôleur AudioController
2024-10-25 17:23:54 - [error] - Tentative de chargement du contrôleur : AudioController et de la méthode : list
2024-10-25 17:23:54 - [error] - Appel de la méthode list dans le contrôleur AudioController
2024-10-25 17:25:03 - [error] - Tentative de chargement du contrôleur : AudioController et de la méthode : list
2024-10-25 17:25:03 - [error] - Appel de la méthode list dans le contrôleur AudioController
2024-10-25 17:25:10 - [error] - Tentative de chargement du contrôleur : AudioController et de la méthode : list
2024-10-25 17:25:10 - [error] - Appel de la méthode list dans le contrôleur AudioController
2024-10-25 17:27:13 - [error] - Tentative de chargement du contrôleur : AudioController et de la méthode : list
2024-10-25 17:27:13 - [error] - Appel de la méthode list dans le contrôleur AudioController
2024-10-25 17:27:14 - [error] - Tentative de chargement du contrôleur : AudioController et de la méthode : list
2024-10-25 17:27:14 - [error] - Appel de la méthode list dans le contrôleur AudioController
2024-10-25 17:27:17 - [error] - Tentative de chargement du contrôleur : AudioController et de la méthode : list
2024-10-25 17:27:17 - [error] - Appel de la méthode list dans le contrôleur AudioController
2024-10-25 17:27:32 - [error] - Tentative de chargement du contrôleur : AudioController et de la méthode : list
2024-10-25 17:27:32 - [error] - Appel de la méthode list dans le contrôleur AudioController
2024-10-25 17:27:34 - [error] - Tentative de chargement du contrôleur : AudioController et de la méthode : list
2024-10-25 17:27:34 - [error] - Appel de la méthode list dans le contrôleur AudioController
2024-10-25 17:31:20 - [error] - Tentative de chargement du contrôleur : AudioController et de la méthode : list
2024-10-25 17:31:20 - [error] - Appel de la méthode list dans le contrôleur AudioController
2024-10-25 17:32:03 - [error] - Tentative de chargement du contrôleur : AudioController et de la méthode : list
2024-10-25 17:32:03 - [error] - Appel de la méthode list dans le contrôleur AudioController
2024-10-25 17:32:04 - [error] - Tentative de chargement du contrôleur : AudioController et de la méthode : list
2024-10-25 17:32:04 - [error] - Appel de la méthode list dans le contrôleur AudioController
2024-10-25 17:32:05 - [error] - Tentative de chargement du contrôleur : AudioController et de la méthode : list
2024-10-25 17:32:05 - [error] - Appel de la méthode list dans le contrôleur AudioController
2024-10-25 17:32:05 - [error] - Tentative de chargement du contrôleur : AudioController et de la méthode : list
2024-10-25 17:32:05 - [error] - Appel de la méthode list dans le contrôleur AudioController
2024-10-25 17:32:07 - [error] - Tentative de chargement du contrôleur : AudioController et de la méthode : list
2024-10-25 17:32:07 - [error] - Appel de la méthode list dans le contrôleur AudioController
2024-10-25 17:32:08 - [error] - Tentative de chargement du contrôleur : AudioController et de la méthode : list
2024-10-25 17:32:08 - [error] - Appel de la méthode list dans le contrôleur AudioController
2024-10-25 17:32:08 - [error] - Tentative de chargement du contrôleur : AudioController et de la méthode : list
2024-10-25 17:32:08 - [error] - Appel de la méthode list dans le contrôleur AudioController
2024-10-25 17:32:08 - [error] - Tentative de chargement du contrôleur : AudioController et de la méthode : list
2024-10-25 17:32:08 - [error] - Appel de la méthode list dans le contrôleur AudioController
2024-10-25 17:32:09 - [error] - Tentative de chargement du contrôleur : AudioController et de la méthode : list
2024-10-25 17:32:09 - [error] - Appel de la méthode list dans le contrôleur AudioController
2024-10-25 17:32:09 - [error] - Tentative de chargement du contrôleur : AudioController et de la méthode : list
2024-10-25 17:32:09 - [error] - Appel de la méthode list dans le contrôleur AudioController
2024-10-25 17:32:09 - [error] - Tentative de chargement du contrôleur : AudioController et de la méthode : list
2024-10-25 17:32:09 - [error] - Appel de la méthode list dans le contrôleur AudioController
2024-10-25 17:32:31 - [error] - Tentative de chargement du contrôleur : AudioController et de la méthode : list
2024-10-25 17:32:31 - [error] - Appel de la méthode list dans le contrôleur AudioController
2024-10-25 17:32:33 - [error] - Tentative de chargement du contrôleur : AudioController et de la méthode : list
2024-10-25 17:32:33 - [error] - Appel de la méthode list dans le contrôleur AudioController
2024-10-25 17:32:34 - [error] - Tentative de chargement du contrôleur : AudioController et de la méthode : list
2024-10-25 17:32:34 - [error] - Appel de la méthode list dans le contrôleur AudioController
2024-10-25 17:32:34 - [error] - Tentative de chargement du contrôleur : AudioController et de la méthode : list
2024-10-25 17:32:34 - [error] - Appel de la méthode list dans le contrôleur AudioController
2024-10-25 17:32:35 - [error] - Tentative de chargement du contrôleur : AudioController et de la méthode : list
2024-10-25 17:32:35 - [error] - Appel de la méthode list dans le contrôleur AudioController
2024-10-25 17:32:36 - [error] - Tentative de chargement du contrôleur : AudioController et de la méthode : list
2024-10-25 17:32:36 - [error] - Appel de la méthode list dans le contrôleur AudioController
2024-10-25 17:32:36 - [error] - Tentative de chargement du contrôleur : AudioController et de la méthode : list
2024-10-25 17:32:36 - [error] - Appel de la méthode list dans le contrôleur AudioController
2024-10-25 17:32:37 - [error] - Tentative de chargement du contrôleur : AudioController et de la méthode : list
2024-10-25 17:32:37 - [error] - Appel de la méthode list dans le contrôleur AudioController
2024-10-25 17:32:37 - [error] - Tentative de chargement du contrôleur : AudioController et de la méthode : list
2024-10-25 17:32:37 - [error] - Appel de la méthode list dans le contrôleur AudioController
2024-10-25 17:32:37 - [error] - Tentative de chargement du contrôleur : AudioController et de la méthode : list
2024-10-25 17:32:37 - [error] - Appel de la méthode list dans le contrôleur AudioController
2024-10-25 17:32:37 - [error] - Tentative de chargement du contrôleur : AudioController et de la méthode : list
2024-10-25 17:32:37 - [error] - Appel de la méthode list dans le contrôleur AudioController
2024-10-25 17:32:37 - [error] - Tentative de chargement du contrôleur : AudioController et de la méthode : list
2024-10-25 17:32:37 - [error] - Appel de la méthode list dans le contrôleur AudioController
2024-10-25 17:33:42 - [error] - Tentative de chargement du contrôleur : AudioController et de la méthode : list
2024-10-25 17:33:42 - [error] - Appel de la méthode list dans le contrôleur AudioController
2024-10-25 17:33:43 - [error] - Tentative de chargement du contrôleur : AudioController et de la méthode : list
2024-10-25 17:33:43 - [error] - Appel de la méthode list dans le contrôleur AudioController
2024-10-25 17:33:43 - [error] - Tentative de chargement du contrôleur : AudioController et de la méthode : list
2024-10-25 17:33:43 - [error] - Appel de la méthode list dans le contrôleur AudioController
2024-10-25 17:33:43 - [error] - Tentative de chargement du contrôleur : AudioController et de la méthode : list
2024-10-25 17:33:43 - [error] - Appel de la méthode list dans le contrôleur AudioController
2024-10-25 17:33:44 - [error] - Tentative de chargement du contrôleur : AudioController et de la méthode : list
2024-10-25 17:33:44 - [error] - Appel de la méthode list dans le contrôleur AudioController
2024-10-25 17:34:35 - [error] - Tentative de chargement du contrôleur : AudioController et de la méthode : list
2024-10-25 17:34:35 - [error] - Appel de la méthode list dans le contrôleur AudioController
2024-10-25 17:35:10 - [error] - Tentative de chargement du contrôleur : AudioController et de la méthode : list
2024-10-25 17:35:10 - [error] - Appel de la méthode list dans le contrôleur AudioController
2024-10-25 17:35:11 - [error] - Tentative de chargement du contrôleur : AudioController et de la méthode : list
2024-10-25 17:35:11 - [error] - Appel de la méthode list dans le contrôleur AudioController
2024-10-25 17:35:23 - [error] - Tentative de chargement du contrôleur : AudioController et de la méthode : list
2024-10-25 17:35:23 - [error] - Appel de la méthode list dans le contrôleur AudioController
2024-10-25 17:35:50 - [error] - Tentative de chargement du contrôleur : AudioController et de la méthode : list
2024-10-25 17:35:50 - [error] - Appel de la méthode list dans le contrôleur AudioController
2024-10-25 17:36:57 - [error] - Tentative de chargement du contrôleur : MediaboxController et de la méthode : index
2024-10-25 17:36:57 - [error] - Appel de la méthode index dans le contrôleur MediaboxController
2024-10-25 17:37:01 - [error] - Tentative de chargement du contrôleur : CompteController et de la méthode : index
2024-10-25 17:37:01 - [error] - Appel de la méthode index dans le contrôleur CompteController
2024-10-25 17:40:49 - [error] - Tentative de chargement du contrôleur : CompteController et de la méthode : index
2024-10-25 17:40:49 - [error] - Appel de la méthode index dans le contrôleur CompteController
2024-10-25 17:41:13 - [error] - Tentative de chargement du contrôleur : CompteController et de la méthode : index
2024-10-25 17:41:13 - [error] - Appel de la méthode index dans le contrôleur CompteController
2024-10-25 17:41:23 - [error] - Tentative de chargement du contrôleur : CompteController et de la méthode : index
2024-10-25 17:41:23 - [error] - Appel de la méthode index dans le contrôleur CompteController
2024-10-25 17:41:24 - [error] - Tentative de chargement du contrôleur : CompteController et de la méthode : index
2024-10-25 17:41:24 - [error] - Appel de la méthode index dans le contrôleur CompteController
2024-10-25 17:43:16 - [error] - Tentative de chargement du contrôleur : CompteController et de la méthode : index
2024-10-25 17:43:16 - [error] - Appel de la méthode index dans le contrôleur CompteController
2024-10-25 17:43:37 - [error] - Tentative de chargement du contrôleur : CompteController et de la méthode : index
2024-10-25 17:43:37 - [error] - Appel de la méthode index dans le contrôleur CompteController
2024-10-25 17:43:38 - [error] - Tentative de chargement du contrôleur : CompteController et de la méthode : index
2024-10-25 17:43:38 - [error] - Appel de la méthode index dans le contrôleur CompteController
2024-10-25 17:43:54 - [error] - Tentative de chargement du contrôleur : CompteController et de la méthode : index
2024-10-25 17:43:54 - [error] - Appel de la méthode index dans le contrôleur CompteController
2024-10-25 17:44:35 - [error] - Tentative de chargement du contrôleur : CompteController et de la méthode : index
2024-10-25 17:44:35 - [error] - Appel de la méthode index dans le contrôleur CompteController
2024-10-25 17:44:35 - [error] - Tentative de chargement du contrôleur : CompteController et de la méthode : index
2024-10-25 17:44:35 - [error] - Appel de la méthode index dans le contrôleur CompteController
2024-10-25 17:44:36 - [error] - Tentative de chargement du contrôleur : CompteController et de la méthode : index
2024-10-25 17:44:36 - [error] - Appel de la méthode index dans le contrôleur CompteController
2024-10-25 17:44:36 - [error] - Tentative de chargement du contrôleur : CompteController et de la méthode : index
2024-10-25 17:44:36 - [error] - Appel de la méthode index dans le contrôleur CompteController
2024-10-25 17:44:37 - [error] - Tentative de chargement du contrôleur : CompteController et de la méthode : index
2024-10-25 17:44:37 - [error] - Appel de la méthode index dans le contrôleur CompteController
2024-10-25 17:44:51 - [error] - Tentative de chargement du contrôleur : CompteController et de la méthode : index
2024-10-25 17:44:51 - [error] - Appel de la méthode index dans le contrôleur CompteController
2024-10-25 17:44:52 - [error] - Tentative de chargement du contrôleur : CompteController et de la méthode : index
2024-10-25 17:44:52 - [error] - Appel de la méthode index dans le contrôleur CompteController
2024-10-25 17:44:54 - [error] - Tentative de chargement du contrôleur : CompteController et de la méthode : index
2024-10-25 17:44:54 - [error] - Appel de la méthode index dans le contrôleur CompteController
2024-10-25 17:44:55 - [error] - Tentative de chargement du contrôleur : CompteController et de la méthode : index
2024-10-25 17:44:55 - [error] - Appel de la méthode index dans le contrôleur CompteController
2024-10-25 17:44:55 - [error] - Tentative de chargement du contrôleur : CompteController et de la méthode : index
2024-10-25 17:44:55 - [error] - Appel de la méthode index dans le contrôleur CompteController
2024-10-25 17:44:55 - [error] - Tentative de chargement du contrôleur : CompteController et de la méthode : index
2024-10-25 17:44:55 - [error] - Appel de la méthode index dans le contrôleur CompteController
2024-10-25 17:44:56 - [error] - Tentative de chargement du contrôleur : CompteController et de la méthode : index
2024-10-25 17:44:56 - [error] - Appel de la méthode index dans le contrôleur CompteController
2024-10-25 17:45:51 - [error] - Tentative de chargement du contrôleur : CompteController et de la méthode : index
2024-10-25 17:45:51 - [error] - Appel de la méthode index dans le contrôleur CompteController
2024-10-25 17:45:52 - [error] - Tentative de chargement du contrôleur : CompteController et de la méthode : index
2024-10-25 17:45:52 - [error] - Appel de la méthode index dans le contrôleur CompteController
2024-10-25 17:45:53 - [error] - Tentative de chargement du contrôleur : CompteController et de la méthode : index
2024-10-25 17:45:53 - [error] - Appel de la méthode index dans le contrôleur CompteController
2024-10-25 17:47:00 - [error] - Tentative de chargement du contrôleur : CompteController et de la méthode : index
2024-10-25 17:47:00 - [error] - Appel de la méthode index dans le contrôleur CompteController
2024-10-25 17:49:24 - [error] - Tentative de chargement du contrôleur : CompteController et de la méthode : index
2024-10-25 17:49:24 - [error] - Appel de la méthode index dans le contrôleur CompteController
2024-10-25 17:51:49 - [error] - Tentative de chargement du contrôleur : CompteController et de la méthode : index
2024-10-25 17:51:49 - [error] - Appel de la méthode index dans le contrôleur CompteController
2024-10-25 17:52:05 - [error] - Tentative de chargement du contrôleur : CompteController et de la méthode : index
2024-10-25 17:52:05 - [error] - Appel de la méthode index dans le contrôleur CompteController
2024-10-25 17:52:05 - [error] - Tentative de chargement du contrôleur : CompteController et de la méthode : index
2024-10-25 17:52:05 - [error] - Appel de la méthode index dans le contrôleur CompteController
2024-10-25 17:53:04 - [error] - Tentative de chargement du contrôleur : CompteController et de la méthode : index
2024-10-25 17:53:04 - [error] - Appel de la méthode index dans le contrôleur CompteController
2024-10-25 17:53:06 - [error] - Tentative de chargement du contrôleur : CompteController et de la méthode : index
2024-10-25 17:53:06 - [error] - Appel de la méthode index dans le contrôleur CompteController
2024-10-25 17:57:14 - [error] - Tentative de chargement du contrôleur : MediaboxController et de la méthode : index
2024-10-25 17:57:14 - [error] - Appel de la méthode index dans le contrôleur MediaboxController
2024-10-25 17:57:15 - [error] - Tentative de chargement du contrôleur : AudioController et de la méthode : list
2024-10-25 17:57:15 - [error] - Appel de la méthode list dans le contrôleur AudioController
2024-10-25 17:57:20 - [error] - Tentative de chargement du contrôleur : AudioController et de la méthode : update
2024-10-25 17:57:22 - [error] - Tentative de chargement du contrôleur : AudioController et de la méthode : list
2024-10-25 17:57:22 - [error] - Appel de la méthode list dans le contrôleur AudioController
2024-10-25 17:57:24 - [error] - Tentative de chargement du contrôleur : AudioController et de la méthode : insert
2024-10-25 17:57:26 - [error] - Tentative de chargement du contrôleur : AudioController et de la méthode : list
2024-10-25 17:57:26 - [error] - Appel de la méthode list dans le contrôleur AudioController
2024-10-25 17:57:39 - [error] - Tentative de chargement du contrôleur : AudioController et de la méthode : insert
2024-10-25 17:57:42 - [error] - Tentative de chargement du contrôleur : AudioController et de la méthode : list
2024-10-25 17:57:42 - [error] - Appel de la méthode list dans le contrôleur AudioController
2024-10-25 17:58:31 - [error] - Tentative de chargement du contrôleur : AudioController et de la méthode : list
2024-10-25 17:58:31 - [error] - Appel de la méthode list dans le contrôleur AudioController
2024-10-25 17:58:32 - [error] - Tentative de chargement du contrôleur : AudioController et de la méthode : list
2024-10-25 17:58:32 - [error] - Appel de la méthode list dans le contrôleur AudioController
2024-10-25 17:58:34 - [error] - Tentative de chargement du contrôleur : CompteController et de la méthode : addMusic
2024-10-25 17:58:34 - [error] - Appel de la méthode addMusic dans le contrôleur CompteController
2024-10-25 17:58:45 - [error] - Tentative de chargement du contrôleur : CompteController et de la méthode : addMusic
2024-10-25 17:58:45 - [error] - Appel de la méthode addMusic dans le contrôleur CompteController
2024-10-25 17:59:03 - [error] - Tentative de chargement du contrôleur : AudioController et de la méthode : list
2024-10-25 17:59:03 - [error] - Appel de la méthode list dans le contrôleur AudioController
2024-10-25 17:59:06 - [error] - Tentative de chargement du contrôleur : MediaboxController et de la méthode : index
2024-10-25 17:59:06 - [error] - Appel de la méthode index dans le contrôleur MediaboxController
2024-10-25 17:59:07 - [error] - Tentative de chargement du contrôleur : AudioController et de la méthode : list
2024-10-25 17:59:07 - [error] - Appel de la méthode list dans le contrôleur AudioController
2024-10-25 17:59:10 - [error] - Tentative de chargement du contrôleur : CompteController et de la méthode : addMusic
2024-10-25 17:59:10 - [error] - Appel de la méthode addMusic dans le contrôleur CompteController
2024-10-25 17:59:14 - [error] - Tentative de chargement du contrôleur : AudioController et de la méthode : list
2024-10-25 17:59:14 - [error] - Appel de la méthode list dans le contrôleur AudioController
2024-10-25 18:03:43 - [error] - Tentative de chargement du contrôleur : AudioController et de la méthode : list
2024-10-25 18:03:43 - [error] - Appel de la méthode list dans le contrôleur AudioController
2024-10-25 18:03:56 - [error] - Tentative de chargement du contrôleur : AudioController et de la méthode : list
2024-10-25 18:03:56 - [error] - Appel de la méthode list dans le contrôleur AudioController
2024-10-25 18:03:56 - [error] - Tentative de chargement du contrôleur : AudioController et de la méthode : list
2024-10-25 18:03:56 - [error] - Appel de la méthode list dans le contrôleur AudioController
2024-10-25 18:03:57 - [error] - Tentative de chargement du contrôleur : AudioController et de la méthode : list
2024-10-25 18:03:57 - [error] - Appel de la méthode list dans le contrôleur AudioController
2024-10-25 18:03:57 - [error] - Tentative de chargement du contrôleur : AudioController et de la méthode : list
2024-10-25 18:03:57 - [error] - Appel de la méthode list dans le contrôleur AudioController
2024-10-25 18:03:57 - [error] - Tentative de chargement du contrôleur : AudioController et de la méthode : list
2024-10-25 18:03:57 - [error] - Appel de la méthode list dans le contrôleur AudioController
2024-10-25 18:03:57 - [error] - Tentative de chargement du contrôleur : AudioController et de la méthode : list
2024-10-25 18:03:57 - [error] - Appel de la méthode list dans le contrôleur AudioController
2024-10-25 18:03:57 - [error] - Tentative de chargement du contrôleur : AudioController et de la méthode : list
2024-10-25 18:03:57 - [error] - Appel de la méthode list dans le contrôleur AudioController
2024-10-25 18:03:57 - [error] - Tentative de chargement du contrôleur : AudioController et de la méthode : list
2024-10-25 18:03:57 - [error] - Appel de la méthode list dans le contrôleur AudioController
2024-10-25 18:06:52 - [error] - Tentative de chargement du contrôleur : AudioController et de la méthode : list
2024-10-25 18:06:52 - [error] - Appel de la méthode list dans le contrôleur AudioController
2024-10-25 18:06:53 - [error] - Tentative de chargement du contrôleur : AudioController et de la méthode : list
2024-10-25 18:06:53 - [error] - Appel de la méthode list dans le contrôleur AudioController
2024-10-25 18:06:53 - [error] - Tentative de chargement du contrôleur : AudioController et de la méthode : list
2024-10-25 18:06:53 - [error] - Appel de la méthode list dans le contrôleur AudioController
2024-10-25 18:06:56 - [error] - Tentative de chargement du contrôleur : CompteController et de la méthode : index
2024-10-25 18:06:56 - [error] - Appel de la méthode index dans le contrôleur CompteController
2024-10-25 18:07:20 - [error] - Tentative de chargement du contrôleur : MediaboxController et de la méthode : index
2024-10-25 18:07:20 - [error] - Appel de la méthode index dans le contrôleur MediaboxController
2024-10-25 18:07:21 - [error] - Tentative de chargement du contrôleur : AudioController et de la méthode : list
2024-10-25 18:07:21 - [error] - Appel de la méthode list dans le contrôleur AudioController
2024-10-25 18:07:37 - [error] - Tentative de chargement du contrôleur : CompteController et de la méthode : index
2024-10-25 18:07:37 - [error] - Appel de la méthode index dans le contrôleur CompteController
2024-10-25 18:08:22 - [error] - Tentative de chargement du contrôleur : MediaboxController et de la méthode : index
2024-10-25 18:08:22 - [error] - Appel de la méthode index dans le contrôleur MediaboxController
2024-10-25 18:08:26 - [error] - Tentative de chargement du contrôleur : CompteController et de la méthode : index
2024-10-25 18:08:26 - [error] - Appel de la méthode index dans le contrôleur CompteController
2024-10-25 18:13:56 - [error] - Tentative de chargement du contrôleur : CompteController et de la méthode : index
2024-10-25 18:13:56 - [error] - Appel de la méthode index dans le contrôleur CompteController
2024-10-25 18:13:57 - [error] - Tentative de chargement du contrôleur : CompteController et de la méthode : index
2024-10-25 18:13:57 - [error] - Appel de la méthode index dans le contrôleur CompteController
2024-10-25 18:14:26 - [error] - Tentative de chargement du contrôleur : AudioController et de la méthode : addMusic
2024-10-25 18:19:19 - [error] - Tentative de chargement du contrôleur : AudioController et de la méthode : addMusic
2024-10-25 18:19:19 - [error] - Appel de la méthode addMusic dans le contrôleur AudioController
2024-10-25 18:19:19 - [error] - Tentative de chargement du contrôleur : AudioController et de la méthode : listeAudio
2024-10-25 18:19:19 - [error] - Appel de la méthode listeAudio dans le contrôleur AudioController
2024-10-25 18:19:23 - [error] - Tentative de chargement du contrôleur : CompteController et de la méthode : index
2024-10-25 18:19:23 - [error] - Appel de la méthode index dans le contrôleur CompteController
2024-10-25 18:19:25 - [error] - Tentative de chargement du contrôleur : MediaboxController et de la méthode : index
2024-10-25 18:19:25 - [error] - Appel de la méthode index dans le contrôleur MediaboxController
2024-10-25 18:19:26 - [error] - Tentative de chargement du contrôleur : AudioController et de la méthode : list
2024-10-25 18:24:18 - [error] - Tentative de chargement du contrôleur : AudioController et de la méthode : list
2024-10-25 18:24:19 - [error] - Tentative de chargement du contrôleur : AudioController et de la méthode : list
2024-10-25 18:24:21 - [error] - Tentative de chargement du contrôleur : MediaboxController et de la méthode : index
2024-10-25 18:24:21 - [error] - Appel de la méthode index dans le contrôleur MediaboxController
2024-10-25 18:24:23 - [error] - Tentative de chargement du contrôleur : MediaboxController et de la méthode : index
2024-10-25 18:24:23 - [error] - Appel de la méthode index dans le contrôleur MediaboxController
2024-10-25 18:24:23 - [error] - Tentative de chargement du contrôleur : MediaboxController et de la méthode : index
2024-10-25 18:24:23 - [error] - Appel de la méthode index dans le contrôleur MediaboxController
2024-10-25 18:24:25 - [error] - Tentative de chargement du contrôleur : MediaboxController et de la méthode : index
2024-10-25 18:24:25 - [error] - Appel de la méthode index dans le contrôleur MediaboxController
2024-10-25 18:24:27 - [error] - Tentative de chargement du contrôleur : MediaboxController et de la méthode : index
2024-10-25 18:24:27 - [error] - Appel de la méthode index dans le contrôleur MediaboxController
2024-10-25 18:24:28 - [error] - Tentative de chargement du contrôleur : MediaboxController et de la méthode : index
2024-10-25 18:24:28 - [error] - Appel de la méthode index dans le contrôleur MediaboxController
2024-10-25 18:24:29 - [error] - Tentative de chargement du contrôleur : AudioController et de la méthode : list
2024-10-25 18:24:32 - [error] - Tentative de chargement du contrôleur : AudioController et de la méthode : list
2024-10-25 18:24:33 - [error] - Tentative de chargement du contrôleur : MediaboxController et de la méthode : index
2024-10-25 18:24:33 - [error] - Appel de la méthode index dans le contrôleur MediaboxController
2024-10-25 18:25:40 - [error] - Tentative de chargement du contrôleur : MediaboxController et de la méthode : index
2024-10-25 18:25:40 - [error] - Appel de la méthode index dans le contrôleur MediaboxController
2024-10-25 18:25:42 - [error] - Tentative de chargement du contrôleur : MediaboxController et de la méthode : index
2024-10-25 18:25:42 - [error] - Appel de la méthode index dans le contrôleur MediaboxController
2024-10-25 18:25:44 - [error] - Tentative de chargement du contrôleur : MediaboxController et de la méthode : index
2024-10-25 18:25:44 - [error] - Appel de la méthode index dans le contrôleur MediaboxController
2024-10-25 18:25:48 - [error] - Tentative de chargement du contrôleur : CompteController et de la méthode : index
2024-10-25 18:25:48 - [error] - Appel de la méthode index dans le contrôleur CompteController
2024-10-25 18:25:58 - [error] - Tentative de chargement du contrôleur : MediaboxController et de la méthode : index
2024-10-25 18:25:58 - [error] - Appel de la méthode index dans le contrôleur MediaboxController
2024-10-25 18:25:59 - [error] - Tentative de chargement du contrôleur : AudioController et de la méthode : list
2024-10-25 18:25:59 - [error] - Appel de la méthode list dans le contrôleur AudioController
2024-10-25 18:26:01 - [error] - Tentative de chargement du contrôleur : CompteController et de la méthode : index
2024-10-25 18:26:01 - [error] - Appel de la méthode index dans le contrôleur CompteController
2024-10-25 18:26:52 - [error] - Tentative de chargement du contrôleur : MediaboxController et de la méthode : index
2024-10-25 18:26:52 - [error] - Appel de la méthode index dans le contrôleur MediaboxController
2024-10-25 18:26:53 - [error] - Tentative de chargement du contrôleur : AudioController et de la méthode : list
2024-10-25 18:26:53 - [error] - Appel de la méthode list dans le contrôleur AudioController
2024-10-25 18:26:56 - [error] - Tentative de chargement du contrôleur : AudioController et de la méthode : delete
2024-10-25 18:26:59 - [error] - Tentative de chargement du contrôleur : AudioController et de la méthode : list
2024-10-25 18:26:59 - [error] - Appel de la méthode list dans le contrôleur AudioController
2024-10-25 18:27:00 - [error] - Tentative de chargement du contrôleur : AudioController et de la méthode : list
2024-10-25 18:27:00 - [error] - Appel de la méthode list dans le contrôleur AudioController
2024-10-25 18:27:01 - [error] - Tentative de chargement du contrôleur : AudioController et de la méthode : list
2024-10-25 18:27:01 - [error] - Appel de la méthode list dans le contrôleur AudioController
2024-10-25 18:27:03 - [error] - Tentative de chargement du contrôleur : CompteController et de la méthode : index
2024-10-25 18:27:03 - [error] - Appel de la méthode index dans le contrôleur CompteController
2024-10-25 18:27:07 - [error] - Tentative de chargement du contrôleur : AudioController et de la méthode : list
2024-10-25 18:27:07 - [error] - Appel de la méthode list dans le contrôleur AudioController
2024-10-25 18:27:09 - [error] - Tentative de chargement du contrôleur : AudioController et de la méthode : list
2024-10-25 18:27:09 - [error] - Appel de la méthode list dans le contrôleur AudioController
2024-10-25 18:27:09 - [error] - Tentative de chargement du contrôleur : AudioController et de la méthode : list
2024-10-25 18:27:09 - [error] - Appel de la méthode list dans le contrôleur AudioController
2024-10-25 18:27:11 - [error] - Tentative de chargement du contrôleur : AudioController et de la méthode : list
2024-10-25 18:27:11 - [error] - Appel de la méthode list dans le contrôleur AudioController
2024-10-25 18:30:12 - [error] - Tentative de chargement du contrôleur : CompteController et de la méthode : index
2024-10-25 18:30:12 - [error] - Appel de la méthode index dans le contrôleur CompteController
2024-10-25 18:37:16 - [error] - Tentative de chargement du contrôleur : MediaboxController et de la méthode : index
2024-10-25 18:37:16 - [error] - Appel de la méthode index dans le contrôleur MediaboxController
2024-10-25 18:37:17 - [error] - Tentative de chargement du contrôleur : AudioController et de la méthode : list
2024-10-25 18:37:17 - [error] - Appel de la méthode list dans le contrôleur AudioController
2024-10-25 18:37:21 - [error] - Tentative de chargement du contrôleur : MediaboxController et de la méthode : index
2024-10-25 18:37:21 - [error] - Appel de la méthode index dans le contrôleur MediaboxController
2024-10-25 18:37:22 - [error] - Tentative de chargement du contrôleur : AudioController et de la méthode : list
2024-10-25 18:37:22 - [error] - Appel de la méthode list dans le contrôleur AudioController
2024-10-25 18:37:24 - [error] - Tentative de chargement du contrôleur : CompteController et de la méthode : index
2024-10-25 18:37:24 - [error] - Appel de la méthode index dans le contrôleur CompteController
2024-10-25 18:38:34 - [error] - Tentative de chargement du contrôleur : AudioController et de la méthode : list
2024-10-25 18:38:34 - [error] - Appel de la méthode list dans le contrôleur AudioController
2024-10-25 18:38:38 - [error] - Tentative de chargement du contrôleur : AudioController et de la méthode : list
2024-10-25 18:38:38 - [error] - Appel de la méthode list dans le contrôleur AudioController
2024-10-25 18:38:40 - [error] - Tentative de chargement du contrôleur : AudioController et de la méthode : list
2024-10-25 18:38:40 - [error] - Appel de la méthode list dans le contrôleur AudioController
2024-10-25 18:38:43 - [error] - Tentative de chargement du contrôleur : AudioController et de la méthode : list
2024-10-25 18:38:43 - [error] - Appel de la méthode list dans le contrôleur AudioController
2024-10-25 18:38:46 - [error] - Tentative de chargement du contrôleur : AudioController et de la méthode : list
2024-10-25 18:38:46 - [error] - Appel de la méthode list dans le contrôleur AudioController
2024-10-25 18:38:47 - [error] - Tentative de chargement du contrôleur : AudioController et de la méthode : list
2024-10-25 18:38:47 - [error] - Appel de la méthode list dans le contrôleur AudioController
2024-10-25 18:39:27 - [error] - Tentative de chargement du contrôleur : CompteController et de la méthode : index
2024-10-25 18:39:27 - [error] - Appel de la méthode index dans le contrôleur CompteController
2024-10-25 18:42:42 - [error] - Tentative de chargement du contrôleur : AudioController et de la méthode : list
2024-10-25 18:42:42 - [error] - Appel de la méthode list dans le contrôleur AudioController
2024-10-25 18:42:45 - [error] - Tentative de chargement du contrôleur : AudioController et de la méthode : list
2024-10-25 18:42:45 - [error] - Appel de la méthode list dans le contrôleur AudioController
2024-10-25 18:42:46 - [error] - Tentative de chargement du contrôleur : AudioController et de la méthode : list
2024-10-25 18:42:46 - [error] - Appel de la méthode list dans le contrôleur AudioController
2024-10-25 18:42:47 - [error] - Tentative de chargement du contrôleur : AudioController et de la méthode : list
2024-10-25 18:42:47 - [error] - Appel de la méthode list dans le contrôleur AudioController
2024-10-25 18:46:53 - [error] - Tentative de chargement du contrôleur : CompteController et de la méthode : index
2024-10-25 18:46:53 - [error] - Appel de la méthode index dans le contrôleur CompteController
2024-10-25 18:51:39 - [error] - Tentative de chargement du contrôleur : CompteController et de la méthode : index
2024-10-25 18:51:39 - [error] - Appel de la méthode index dans le contrôleur CompteController
2024-10-25 18:51:40 - [error] - Tentative de chargement du contrôleur : CompteController et de la méthode : index
2024-10-25 18:51:40 - [error] - Appel de la méthode index dans le contrôleur CompteController
2024-10-25 18:55:11 - [error] - Tentative de chargement du contrôleur : CompteController et de la méthode : index
2024-10-25 18:55:11 - [error] - Appel de la méthode index dans le contrôleur CompteController
2024-10-25 18:55:44 - [error] - Tentative de chargement du contrôleur : AudioController et de la méthode : addMusic
2024-10-25 18:55:44 - [error] - Appel de la méthode addMusic dans le contrôleur AudioController
2024-10-25 18:55:44 - [error] - Tentative de chargement du contrôleur : CompteController et de la méthode : index
2024-10-25 18:55:44 - [error] - Appel de la méthode index dans le contrôleur CompteController
2024-10-25 18:57:04 - [error] - Tentative de chargement du contrôleur : MediaboxController et de la méthode : index
2024-10-25 18:57:04 - [error] - Appel de la méthode index dans le contrôleur MediaboxController
2024-10-25 18:57:06 - [error] - Tentative de chargement du contrôleur : AudioController et de la méthode : list
2024-10-25 18:57:06 - [error] - Appel de la méthode list dans le contrôleur AudioController
2024-10-25 18:57:08 - [error] - Tentative de chargement du contrôleur : AudioController et de la méthode : list
2024-10-25 18:57:08 - [error] - Appel de la méthode list dans le contrôleur AudioController
2024-10-25 18:57:09 - [error] - Tentative de chargement du contrôleur : AudioController et de la méthode : list
2024-10-25 18:57:09 - [error] - Appel de la méthode list dans le contrôleur AudioController
2024-10-25 18:57:10 - [error] - Tentative de chargement du contrôleur : AudioController et de la méthode : list
2024-10-25 18:57:10 - [error] - Appel de la méthode list dans le contrôleur AudioController
2024-10-25 18:57:10 - [error] - Tentative de chargement du contrôleur : AudioController et de la méthode : list
2024-10-25 18:57:10 - [error] - Appel de la méthode list dans le contrôleur AudioController
2024-10-25 18:57:11 - [error] - Tentative de chargement du contrôleur : AudioController et de la méthode : list
2024-10-25 18:57:11 - [error] - Appel de la méthode list dans le contrôleur AudioController
2024-10-25 18:57:11 - [error] - Tentative de chargement du contrôleur : AudioController et de la méthode : list
2024-10-25 18:57:11 - [error] - Appel de la méthode list dans le contrôleur AudioController
2024-10-25 18:57:11 - [error] - Tentative de chargement du contrôleur : AudioController et de la méthode : list
2024-10-25 18:57:11 - [error] - Appel de la méthode list dans le contrôleur AudioController
2024-10-25 18:57:11 - [error] - Tentative de chargement du contrôleur : AudioController et de la méthode : list
2024-10-25 18:57:11 - [error] - Appel de la méthode list dans le contrôleur AudioController
2024-10-25 18:57:11 - [error] - Tentative de chargement du contrôleur : AudioController et de la méthode : list
2024-10-25 18:57:11 - [error] - Appel de la méthode list dans le contrôleur AudioController
2024-10-25 18:57:12 - [error] - Tentative de chargement du contrôleur : AudioController et de la méthode : list
2024-10-25 18:57:12 - [error] - Appel de la méthode list dans le contrôleur AudioController
2024-10-25 18:57:12 - [error] - Tentative de chargement du contrôleur : AudioController et de la méthode : list
2024-10-25 18:57:12 - [error] - Appel de la méthode list dans le contrôleur AudioController
2024-10-25 18:57:12 - [error] - Tentative de chargement du contrôleur : AudioController et de la méthode : list
2024-10-25 18:57:12 - [error] - Appel de la méthode list dans le contrôleur AudioController
2024-10-25 18:57:12 - [error] - Tentative de chargement du contrôleur : AudioController et de la méthode : list
2024-10-25 18:57:12 - [error] - Appel de la méthode list dans le contrôleur AudioController
2024-10-25 18:57:12 - [error] - Tentative de chargement du contrôleur : AudioController et de la méthode : list
2024-10-25 18:57:12 - [error] - Appel de la méthode list dans le contrôleur AudioController
2024-10-25 18:57:13 - [error] - Tentative de chargement du contrôleur : AudioController et de la méthode : list
2024-10-25 18:57:13 - [error] - Appel de la méthode list dans le contrôleur AudioController
2024-10-25 18:57:13 - [error] - Tentative de chargement du contrôleur : AudioController et de la méthode : list
2024-10-25 18:57:13 - [error] - Appel de la méthode list dans le contrôleur AudioController
2024-10-25 18:57:17 - [error] - Tentative de chargement du contrôleur : CompteController et de la méthode : index
2024-10-25 18:57:17 - [error] - Appel de la méthode index dans le contrôleur CompteController
2024-10-25 21:47:22 - [error] - Tentative de chargement du contrôleur : CompteController et de la méthode : index
2024-10-25 21:47:22 - [error] - Appel de la méthode index dans le contrôleur CompteController
2024-10-25 21:47:25 - [error] - Tentative de chargement du contrôleur : CompteController et de la méthode : index
2024-10-25 21:47:25 - [error] - Appel de la méthode index dans le contrôleur CompteController
2024-10-25 21:47:29 - [error] - Tentative de chargement du contrôleur : MediaboxController et de la méthode : index
2024-10-25 21:47:29 - [error] - Appel de la méthode index dans le contrôleur MediaboxController
2024-10-25 21:47:35 - [error] - Tentative de chargement du contrôleur : CompteController et de la méthode : index
2024-10-25 21:47:35 - [error] - Appel de la méthode index dans le contrôleur CompteController
2024-10-25 21:47:39 - [error] - Tentative de chargement du contrôleur : CompteController et de la méthode : index
2024-10-25 21:47:39 - [error] - Appel de la méthode index dans le contrôleur CompteController
2024-10-25 21:47:43 - [error] - Tentative de chargement du contrôleur : CompteController et de la méthode : index
2024-10-25 21:47:43 - [error] - Appel de la méthode index dans le contrôleur CompteController
2024-10-25 21:47:47 - [error] - Tentative de chargement du contrôleur : CompteController et de la méthode : index
2024-10-25 21:47:47 - [error] - Appel de la méthode index dans le contrôleur CompteController
2024-10-25 21:48:54 - [error] - Tentative de chargement du contrôleur : AudioController et de la méthode : addMusic
2024-10-25 21:48:54 - [error] - Appel de la méthode addMusic dans le contrôleur AudioController
2024-10-25 21:48:54 - [error] - Tentative de chargement du contrôleur : CompteController et de la méthode : index
2024-10-25 21:48:54 - [error] - Appel de la méthode index dans le contrôleur CompteController
2024-10-25 21:49:01 - [error] - Tentative de chargement du contrôleur : MediaboxController et de la méthode : index
2024-10-25 21:49:01 - [error] - Appel de la méthode index dans le contrôleur MediaboxController
2024-10-25 21:49:03 - [error] - Tentative de chargement du contrôleur : AudioController et de la méthode : list
2024-10-25 21:49:03 - [error] - Appel de la méthode list dans le contrôleur AudioController
2024-10-25 21:49:06 - [error] - Tentative de chargement du contrôleur : AudioController et de la méthode : list
2024-10-25 21:49:06 - [error] - Appel de la méthode list dans le contrôleur AudioController
2024-10-25 22:01:42 - [error] - Tentative de chargement du contrôleur : AudioController et de la méthode : list
2024-10-25 22:01:42 - [error] - Appel de la méthode list dans le contrôleur AudioController
2024-10-25 22:01:47 - [error] - Tentative de chargement du contrôleur : AudioController et de la méthode : list
2024-10-25 22:01:47 - [error] - Appel de la méthode list dans le contrôleur AudioController
2024-10-25 22:01:50 - [error] - Tentative de chargement du contrôleur : AudioController et de la méthode : list
2024-10-25 22:01:50 - [error] - Appel de la méthode list dans le contrôleur AudioController
2024-10-25 22:02:50 - [error] - Tentative de chargement du contrôleur : AudioController et de la méthode : list
2024-10-25 22:02:50 - [error] - Appel de la méthode list dans le contrôleur AudioController
2024-10-25 22:04:42 - [error] - Tentative de chargement du contrôleur : AudioController et de la méthode : list
2024-10-25 22:04:42 - [error] - Appel de la méthode list dans le contrôleur AudioController
2024-10-25 22:05:26 - [error] - Tentative de chargement du contrôleur : AudioController et de la méthode : list
2024-10-25 22:05:26 - [error] - Appel de la méthode list dans le contrôleur AudioController
2024-10-25 22:06:28 - [error] - Tentative de chargement du contrôleur : AudioController et de la méthode : list
2024-10-25 22:06:28 - [error] - Appel de la méthode list dans le contrôleur AudioController
2024-10-25 22:08:22 - [error] - Tentative de chargement du contrôleur : AudioController et de la méthode : list
2024-10-25 22:08:22 - [error] - Appel de la méthode list dans le contrôleur AudioController
2024-10-25 22:08:28 - [error] - Tentative de chargement du contrôleur : CompteController et de la méthode : index
2024-10-25 22:08:28 - [error] - Appel de la méthode index dans le contrôleur CompteController
2024-10-25 22:09:23 - [error] - Tentative de chargement du contrôleur : AudioController et de la méthode : addMusic
2024-10-25 22:09:23 - [error] - Appel de la méthode addMusic dans le contrôleur AudioController
2024-10-25 22:09:23 - [error] - Tentative de chargement du contrôleur : CompteController et de la méthode : index
2024-10-25 22:09:23 - [error] - Appel de la méthode index dans le contrôleur CompteController
2024-10-25 22:09:27 - [error] - Tentative de chargement du contrôleur : MediaboxController et de la méthode : index
2024-10-25 22:09:27 - [error] - Appel de la méthode index dans le contrôleur MediaboxController
2024-10-25 22:09:28 - [error] - Tentative de chargement du contrôleur : AudioController et de la méthode : list
2024-10-25 22:09:28 - [error] - Appel de la méthode list dans le contrôleur AudioController
2024-10-25 22:09:31 - [error] - Tentative de chargement du contrôleur : AudioController et de la méthode : list
2024-10-25 22:09:31 - [error] - Appel de la méthode list dans le contrôleur AudioController
2024-10-25 22:10:31 - [error] - Tentative de chargement du contrôleur : CompteController et de la méthode : index
2024-10-25 22:10:31 - [error] - Appel de la méthode index dans le contrôleur CompteController
2024-10-25 22:11:11 - [error] - Tentative de chargement du contrôleur : AudioController et de la méthode : addMusic
2024-10-25 22:11:11 - [error] - Appel de la méthode addMusic dans le contrôleur AudioController
2024-10-25 22:11:11 - [error] - Tentative de chargement du contrôleur : CompteController et de la méthode : index
2024-10-25 22:11:11 - [error] - Appel de la méthode index dans le contrôleur CompteController
2024-10-25 22:11:42 - [error] - Tentative de chargement du contrôleur : MediaboxController et de la méthode : index
2024-10-25 22:11:42 - [error] - Appel de la méthode index dans le contrôleur MediaboxController
2024-10-25 22:11:44 - [error] - Tentative de chargement du contrôleur : AudioController et de la méthode : list
2024-10-25 22:11:44 - [error] - Appel de la méthode list dans le contrôleur AudioController
2024-10-25 22:15:59 - [error] - Tentative de chargement du contrôleur : AudioController et de la méthode : list
2024-10-25 22:15:59 - [error] - Appel de la méthode list dans le contrôleur AudioController
2024-10-25 22:16:03 - [error] - Tentative de chargement du contrôleur : AudioController et de la méthode : list
2024-10-25 22:16:03 - [error] - Appel de la méthode list dans le contrôleur AudioController
2024-10-25 22:16:05 - [error] - Tentative de chargement du contrôleur : AudioController et de la méthode : list
2024-10-25 22:16:05 - [error] - Appel de la méthode list dans le contrôleur AudioController
2024-10-25 22:16:09 - [error] - Tentative de chargement du contrôleur : AudioController et de la méthode : list
2024-10-25 22:16:09 - [error] - Appel de la méthode list dans le contrôleur AudioController
2024-10-25 22:28:31 - [error] - Tentative de chargement du contrôleur : AudioController et de la méthode : list
2024-10-25 22:28:31 - [error] - Appel de la méthode list dans le contrôleur AudioController
2024-10-25 22:29:36 - [error] - Tentative de chargement du contrôleur : CompteController et de la méthode : index
2024-10-25 22:29:36 - [error] - Appel de la méthode index dans le contrôleur CompteController
2024-10-25 22:30:08 - [error] - Tentative de chargement du contrôleur : AudioController et de la méthode : addMusic
2024-10-25 22:30:08 - [error] - Appel de la méthode addMusic dans le contrôleur AudioController
2024-10-25 22:30:08 - [error] - Début de la méthode addMusic
2024-10-25 22:30:08 - [error] - Requête POST reçue
2024-10-25 22:30:08 - [error] - Champs requis présents
2024-10-25 22:30:08 - [error] - Erreur lors du déplacement des fichiers
2024-10-25 22:30:08 - [error] - Tentative de chargement du contrôleur : CompteController et de la méthode : index
2024-10-25 22:30:08 - [error] - Appel de la méthode index dans le contrôleur CompteController
2024-10-25 22:31:32 - [error] - Tentative de chargement du contrôleur : MediaboxController et de la méthode : index
2024-10-25 22:31:32 - [error] - Appel de la méthode index dans le contrôleur MediaboxController
2024-10-25 22:31:33 - [error] - Tentative de chargement du contrôleur : AudioController et de la méthode : list
2024-10-25 22:31:33 - [error] - Appel de la méthode list dans le contrôleur AudioController
2024-10-25 22:31:36 - [error] - Tentative de chargement du contrôleur : AudioController et de la méthode : list
2024-10-25 22:31:36 - [error] - Appel de la méthode list dans le contrôleur AudioController
2024-10-25 23:03:42 - [error] - Tentative de chargement du contrôleur : AudioController et de la méthode : list
2024-10-25 23:03:42 - [error] - Appel de la méthode list dans le contrôleur AudioController
2024-10-25 23:08:34 - [error] - Tentative de chargement du contrôleur : AudioController et de la méthode : list
2024-10-25 23:08:34 - [error] - Appel de la méthode list dans le contrôleur AudioController
2024-10-25 23:08:47 - [error] - Tentative de chargement du contrôleur : CompteController et de la méthode : index
2024-10-25 23:08:47 - [error] - Appel de la méthode index dans le contrôleur CompteController
2024-10-25 23:44:19 - [error] - Tentative de chargement du contrôleur : AudioController et de la méthode : addMusic
2024-10-25 23:44:19 - [error] - Appel de la méthode addMusic dans le contrôleur AudioController
2024-10-25 23:44:19 - [error] - Début de la méthode addMusic
2024-10-25 23:44:19 - [error] - Requête POST reçue
2024-10-25 23:44:19 - [error] - Champs requis présents
2024-10-25 23:44:19 - [error] - Tentative de déplacement de l'image vers : Ressources/images/pochettes/androidify.png
2024-10-25 23:44:19 - [error] - Tentative de déplacement de l'audio vers : Ressources/audio/Alicia Keys - 02. Brand New Me.m4a
2024-10-25 23:44:19 - [error] - Image déplacée avec succès
2024-10-25 23:44:19 - [error] - Audio déplacé avec succès
2024-10-25 23:44:19 - [error] - Musique ajoutée avec succès dans la base de données
2024-10-25 23:44:19 - [error] - Tentative de chargement du contrôleur : AudioController et de la méthode : list
2024-10-25 23:44:19 - [error] - Appel de la méthode list dans le contrôleur AudioController
2024-10-25 23:47:19 - [error] - Tentative de chargement du contrôleur : AudioController et de la méthode : update
2024-10-25 23:47:22 - [error] - Tentative de chargement du contrôleur : AudioController et de la méthode : list
2024-10-25 23:47:22 - [error] - Appel de la méthode list dans le contrôleur AudioController
2024-10-25 23:50:13 - [error] - Tentative de chargement du contrôleur : AudioController et de la méthode : list
2024-10-25 23:50:13 - [error] - Appel de la méthode list dans le contrôleur AudioController
2024-10-25 23:50:16 - [error] - Tentative de chargement du contrôleur : AudioController et de la méthode : list
2024-10-25 23:50:16 - [error] - Appel de la méthode list dans le contrôleur AudioController
2024-10-25 23:50:20 - [error] - Tentative de chargement du contrôleur : CompteController et de la méthode : index
2024-10-25 23:50:20 - [error] - Appel de la méthode index dans le contrôleur CompteController
2024-10-25 23:51:26 - [error] - Tentative de chargement du contrôleur : AudioController et de la méthode : addMusic
2024-10-25 23:51:26 - [error] - Appel de la méthode addMusic dans le contrôleur AudioController
2024-10-25 23:51:26 - [error] - Début de la méthode addMusic
2024-10-25 23:51:26 - [error] - Requête POST reçue
2024-10-25 23:51:26 - [error] - Champs requis présents
2024-10-25 23:51:26 - [error] - Tentative de déplacement de l'image vers : Ressources/images/pochettes/Alicia.webp
2024-10-25 23:51:26 - [error] - Tentative de déplacement de l'audio vers : Ressources/audio/Alicia Keys - 02. Brand New Me.m4a
2024-10-25 23:51:26 - [error] - Image déplacée avec succès
2024-10-25 23:51:26 - [error] - Audio déplacé avec succès
2024-10-25 23:51:26 - [error] - Erreur : user_id est null
2024-10-25 23:51:26 - [error] - Tentative de chargement du contrôleur : CompteController et de la méthode : index
2024-10-25 23:51:26 - [error] - Appel de la méthode index dans le contrôleur CompteController
2024-10-25 23:51:41 - [error] - Tentative de chargement du contrôleur : CompteController et de la méthode : index
2024-10-25 23:51:41 - [error] - Appel de la méthode index dans le contrôleur CompteController
2024-10-25 23:51:44 - [error] - Tentative de chargement du contrôleur : CompteController et de la méthode : index
2024-10-25 23:51:44 - [error] - Appel de la méthode index dans le contrôleur CompteController
2024-10-25 23:51:45 - [error] - Tentative de chargement du contrôleur : CompteController et de la méthode : index
2024-10-25 23:51:45 - [error] - Appel de la méthode index dans le contrôleur CompteController
2024-10-25 23:51:54 - [error] - Tentative de chargement du contrôleur : MediaboxController et de la méthode : index
2024-10-25 23:51:54 - [error] - Appel de la méthode index dans le contrôleur MediaboxController
2024-10-25 23:51:56 - [error] - Tentative de chargement du contrôleur : AudioController et de la méthode : list
2024-10-25 23:51:56 - [error] - Appel de la méthode list dans le contrôleur AudioController
2024-10-25 23:52:00 - [error] - Tentative de chargement du contrôleur : AudioController et de la méthode : list
2024-10-25 23:52:00 - [error] - Appel de la méthode list dans le contrôleur AudioController
2024-10-25 23:52:02 - [error] - Tentative de chargement du contrôleur : AudioController et de la méthode : list
2024-10-25 23:52:02 - [error] - Appel de la méthode list dans le contrôleur AudioController
2024-10-25 23:57:05 - [error] - Tentative de chargement du contrôleur : AudioController et de la méthode : list
2024-10-25 23:57:05 - [error] - Appel de la méthode list dans le contrôleur AudioController
2024-10-25 23:57:07 - [error] - Tentative de chargement du contrôleur : AudioController et de la méthode : list
2024-10-25 23:57:07 - [error] - Appel de la méthode list dans le contrôleur AudioController
2024-10-25 23:57:09 - [error] - Tentative de chargement du contrôleur : AudioController et de la méthode : list
2024-10-25 23:57:09 - [error] - Appel de la méthode list dans le contrôleur AudioController
2024-10-25 23:57:10 - [error] - Tentative de chargement du contrôleur : AudioController et de la méthode : list
2024-10-25 23:57:10 - [error] - Appel de la méthode list dans le contrôleur AudioController
2024-10-25 23:57:11 - [error] - Tentative de chargement du contrôleur : AudioController et de la méthode : list
2024-10-25 23:57:11 - [error] - Appel de la méthode list dans le contrôleur AudioController
2024-10-25 23:57:11 - [error] - Tentative de chargement du contrôleur : AudioController et de la méthode : list
2024-10-25 23:57:11 - [error] - Appel de la méthode list dans le contrôleur AudioController
2024-10-25 23:57:12 - [error] - Tentative de chargement du contrôleur : AudioController et de la méthode : list
2024-10-25 23:57:12 - [error] - Appel de la méthode list dans le contrôleur AudioController
2024-10-25 23:57:19 - [error] - Tentative de chargement du contrôleur : DeconnexionController et de la méthode : index
2024-10-25 23:57:19 - [error] - Appel de la méthode index dans le contrôleur DeconnexionController
2024-10-25 23:57:19 - [error] - Tentative de chargement du contrôleur : AccueilController et de la méthode : index
2024-10-25 23:57:19 - [error] - Appel de la méthode index dans le contrôleur AccueilController
2024-10-25 23:57:19 - [error] - Début de la méthode index dans AccueilController
2024-10-25 23:57:19 - [error] - Utilisateur non connecté, affichage de l'accueil
2024-10-25 23:57:26 - [error] - Tentative de chargement du contrôleur : ConnexionController et de la méthode : index
2024-10-25 23:57:26 - [error] - Appel de la méthode index dans le contrôleur ConnexionController
2024-10-25 23:57:35 - [error] - Tentative de chargement du contrôleur : ConnexionController et de la méthode : connect
2024-10-25 23:57:35 - [error] - Appel de la méthode connect dans le contrôleur ConnexionController
2024-10-25 23:57:35 - [error] - Erreur de connexion : Login ou mot de passe non reconnu !
2024-10-25 23:57:35 - [error] - Tentative de chargement du contrôleur : ConnexionController et de la méthode : index
2024-10-25 23:57:35 - [error] - Appel de la méthode index dans le contrôleur ConnexionController
2024-10-25 23:58:06 - [error] - Tentative de chargement du contrôleur : ConnexionController et de la méthode : connect
2024-10-25 23:58:06 - [error] - Appel de la méthode connect dans le contrôleur ConnexionController
2024-10-25 23:58:06 - [error] - Tentative de chargement du contrôleur : MediaboxController et de la méthode : index
2024-10-25 23:58:06 - [error] - Appel de la méthode index dans le contrôleur MediaboxController
2024-10-25 23:58:11 - [error] - Tentative de chargement du contrôleur : AudioController et de la méthode : list
2024-10-25 23:58:11 - [error] - Appel de la méthode list dans le contrôleur AudioController
2024-10-25 23:58:23 - [error] - Tentative de chargement du contrôleur : AudioController et de la méthode : list
2024-10-25 23:58:23 - [error] - Appel de la méthode list dans le contrôleur AudioController
2024-10-25 23:58:34 - [error] - Tentative de chargement du contrôleur : DeconnexionController et de la méthode : index
2024-10-25 23:58:34 - [error] - Appel de la méthode index dans le contrôleur DeconnexionController
2024-10-25 23:58:34 - [error] - Tentative de chargement du contrôleur : AccueilController et de la méthode : index
2024-10-25 23:58:34 - [error] - Appel de la méthode index dans le contrôleur AccueilController
2024-10-25 23:58:34 - [error] - Début de la méthode index dans AccueilController
2024-10-25 23:58:34 - [error] - Utilisateur non connecté, affichage de l'accueil
2024-10-25 23:58:36 - [error] - Tentative de chargement du contrôleur : ConnexionController et de la méthode : index
2024-10-25 23:58:36 - [error] - Appel de la méthode index dans le contrôleur ConnexionController
2024-10-25 23:58:45 - [error] - Tentative de chargement du contrôleur : ConnexionController et de la méthode : connect
2024-10-25 23:58:45 - [error] - Appel de la méthode connect dans le contrôleur ConnexionController
2024-10-25 23:58:45 - [error] - Tentative de chargement du contrôleur : MediaboxController et de la méthode : index
2024-10-25 23:58:45 - [error] - Appel de la méthode index dans le contrôleur MediaboxController
2024-10-25 23:58:47 - [error] - Tentative de chargement du contrôleur : AudioController et de la méthode : list
2024-10-25 23:58:47 - [error] - Appel de la méthode list dans le contrôleur AudioController
2024-10-25 23:59:23 - [error] - Tentative de chargement du contrôleur : DeconnexionController et de la méthode : index
2024-10-25 23:59:23 - [error] - Appel de la méthode index dans le contrôleur DeconnexionController
2024-10-25 23:59:23 - [error] - Tentative de chargement du contrôleur : AccueilController et de la méthode : index
2024-10-25 23:59:23 - [error] - Appel de la méthode index dans le contrôleur AccueilController
2024-10-25 23:59:23 - [error] - Début de la méthode index dans AccueilController
2024-10-25 23:59:23 - [error] - Utilisateur non connecté, affichage de l'accueil
2024-10-25 23:59:25 - [error] - Tentative de chargement du contrôleur : ConnexionController et de la méthode : index
2024-10-25 23:59:25 - [error] - Appel de la méthode index dans le contrôleur ConnexionController
2024-10-25 23:59:40 - [error] - Tentative de chargement du contrôleur : ConnexionController et de la méthode : connect
2024-10-25 23:59:40 - [error] - Appel de la méthode connect dans le contrôleur ConnexionController
2024-10-25 23:59:40 - [error] - Tentative de chargement du contrôleur : MediaboxController et de la méthode : index
2024-10-25 23:59:40 - [error] - Appel de la méthode index dans le contrôleur MediaboxController
2024-10-25 23:59:42 - [error] - Tentative de chargement du contrôleur : AudioController et de la méthode : list
2024-10-25 23:59:42 - [error] - Appel de la méthode list dans le contrôleur AudioController
2024-10-25 23:59:55 - [error] - Tentative de chargement du contrôleur : DeconnexionController et de la méthode : index
2024-10-25 23:59:55 - [error] - Appel de la méthode index dans le contrôleur DeconnexionController
2024-10-25 23:59:55 - [error] - Tentative de chargement du contrôleur : AccueilController et de la méthode : index
2024-10-25 23:59:55 - [error] - Appel de la méthode index dans le contrôleur AccueilController
2024-10-25 23:59:55 - [error] - Début de la méthode index dans AccueilController
2024-10-25 23:59:55 - [error] - Utilisateur non connecté, affichage de l'accueil
2024-10-25 23:59:57 - [error] - Tentative de chargement du contrôleur : ConnexionController et de la méthode : index
2024-10-25 23:59:57 - [error] - Appel de la méthode index dans le contrôleur ConnexionController
2024-10-25 23:59:59 - [error] - Tentative de chargement du contrôleur : CreationController et de la méthode : createUserForm
2024-10-25 23:59:59 - [error] - Appel de la méthode createUserForm dans le contrôleur CreationController
2024-10-26 00:00:27 - [error] - Tentative de chargement du contrôleur : CreationController et de la méthode : create
2024-10-26 00:00:27 - [error] - Appel de la méthode create dans le contrôleur CreationController
2024-10-26 00:00:27 - [error] - Tentative de chargement du contrôleur : MediaboxController et de la méthode : index
2024-10-26 00:00:27 - [error] - Appel de la méthode index dans le contrôleur MediaboxController
2024-10-26 00:00:47 - [error] - Tentative de chargement du contrôleur : AudioController et de la méthode : list
2024-10-26 00:00:47 - [error] - Appel de la méthode list dans le contrôleur AudioController
2024-10-26 00:01:00 - [error] - Tentative de chargement du contrôleur : CompteController et de la méthode : index
2024-10-26 00:01:00 - [error] - Appel de la méthode index dans le contrôleur CompteController
2024-10-26 00:01:47 - [error] - Tentative de chargement du contrôleur : AudioController et de la méthode : addMusic
2024-10-26 00:01:47 - [error] - Appel de la méthode addMusic dans le contrôleur AudioController
2024-10-26 00:01:47 - [error] - Début de la méthode addMusic
2024-10-26 00:01:47 - [error] - Requête POST reçue
2024-10-26 00:01:47 - [error] - Champs requis présents
2024-10-26 00:01:47 - [error] - Tentative de déplacement de l'image vers : Ressources/images/pochettes/Alicia.webp
2024-10-26 00:01:47 - [error] - Tentative de déplacement de l'audio vers : Ressources/audio/Alicia Keys - 01. De Novo Adagio (Intro).m4a
2024-10-26 00:01:47 - [error] - Image déplacée avec succès
2024-10-26 00:01:47 - [error] - Audio déplacé avec succès
2024-10-26 00:01:47 - [error] - Musique ajoutée avec succès dans la base de données
2024-10-26 00:01:47 - [error] - Tentative de chargement du contrôleur : AudioController et de la méthode : list
2024-10-26 00:01:47 - [error] - Appel de la méthode list dans le contrôleur AudioController
2024-10-26 00:05:04 - [error] - Tentative de chargement du contrôleur : MediaboxController et de la méthode : index
2024-10-26 00:05:04 - [error] - Appel de la méthode index dans le contrôleur MediaboxController
2024-10-26 00:05:05 - [error] - Tentative de chargement du contrôleur : AudioController et de la méthode : list
2024-10-26 00:05:05 - [error] - Appel de la méthode list dans le contrôleur AudioController
2024-10-26 00:09:36 - [error] - Tentative de chargement du contrôleur : AudioController et de la méthode : list
2024-10-26 00:09:37 - [error] - Appel de la méthode list dans le contrôleur AudioController
2024-10-26 00:09:39 - [error] - Tentative de chargement du contrôleur : AudioController et de la méthode : list
2024-10-26 00:09:39 - [error] - Appel de la méthode list dans le contrôleur AudioController
2024-10-26 00:09:59 - [error] - Tentative de chargement du contrôleur : CompteController et de la méthode : index
2024-10-26 00:09:59 - [error] - Appel de la méthode index dans le contrôleur CompteController
2024-10-26 00:10:33 - [error] - Tentative de chargement du contrôleur : AudioController et de la méthode : addMusic
2024-10-26 00:10:33 - [error] - Appel de la méthode addMusic dans le contrôleur AudioController
2024-10-26 00:10:33 - [error] - Début de la méthode addMusic
2024-10-26 00:10:33 - [error] - Requête POST reçue
2024-10-26 00:10:33 - [error] - Champs requis présents
2024-10-26 00:10:33 - [error] - Tentative de déplacement de l'image vers : Ressources/images/pochettes/androidify.png
2024-10-26 00:10:33 - [error] - Tentative de déplacement de l'audio vers : Ressources/audio/Alicia Keys - 03. When It_s All Over.m4a
2024-10-26 00:10:33 - [error] - Image déplacée avec succès
2024-10-26 00:10:33 - [error] - Audio déplacé avec succès
2024-10-26 00:10:33 - [error] - Musique ajoutée avec succès dans la base de données
2024-10-26 00:10:33 - [error] - Tentative de chargement du contrôleur : AudioController et de la méthode : list
2024-10-26 00:10:33 - [error] - Appel de la méthode list dans le contrôleur AudioController
2024-10-26 00:15:36 - [error] - Tentative de chargement du contrôleur : MediaboxController et de la méthode : index
2024-10-26 00:15:36 - [error] - Appel de la méthode index dans le contrôleur MediaboxController
2024-10-26 00:15:40 - [error] - Tentative de chargement du contrôleur : MediaboxController et de la méthode : index
2024-10-26 00:15:40 - [error] - Appel de la méthode index dans le contrôleur MediaboxController
2024-10-26 00:15:43 - [error] - Tentative de chargement du contrôleur : MediaboxController et de la méthode : index
2024-10-26 00:15:43 - [error] - Appel de la méthode index dans le contrôleur MediaboxController
2024-10-26 00:15:50 - [error] - Tentative de chargement du contrôleur : MediaboxController et de la méthode : index
2024-10-26 00:15:50 - [error] - Appel de la méthode index dans le contrôleur MediaboxController
2024-10-26 00:15:52 - [error] - Tentative de chargement du contrôleur : MediaboxController et de la méthode : index
2024-10-26 00:15:52 - [error] - Appel de la méthode index dans le contrôleur MediaboxController
2024-10-26 00:15:55 - [error] - Tentative de chargement du contrôleur : AudioController et de la méthode : list
2024-10-26 00:15:55 - [error] - Appel de la méthode list dans le contrôleur AudioController
2024-10-26 00:16:03 - [error] - Tentative de chargement du contrôleur : CompteController et de la méthode : index
2024-10-26 00:16:03 - [error] - Appel de la méthode index dans le contrôleur CompteController
2024-10-26 00:16:18 - [error] - Tentative de chargement du contrôleur : DeconnexionController et de la méthode : index
2024-10-26 00:16:18 - [error] - Appel de la méthode index dans le contrôleur DeconnexionController
2024-10-26 00:16:18 - [error] - Tentative de chargement du contrôleur : AccueilController et de la méthode : index
2024-10-26 00:16:18 - [error] - Appel de la méthode index dans le contrôleur AccueilController
2024-10-26 00:16:18 - [error] - Début de la méthode index dans AccueilController
2024-10-26 00:16:18 - [error] - Utilisateur non connecté, affichage de l'accueil
2024-10-26 00:16:26 - [error] - Tentative de chargement du contrôleur : ConnexionController et de la méthode : index
2024-10-26 00:16:26 - [error] - Appel de la méthode index dans le contrôleur ConnexionController
2024-10-26 00:16:59 - [error] - Tentative de chargement du contrôleur : ConnexionController et de la méthode : connect
2024-10-26 00:16:59 - [error] - Appel de la méthode connect dans le contrôleur ConnexionController
2024-10-26 00:16:59 - [error] - Tentative de chargement du contrôleur : MediaboxController et de la méthode : index
2024-10-26 00:16:59 - [error] - Appel de la méthode index dans le contrôleur MediaboxController
2024-10-26 00:17:06 - [error] - Tentative de chargement du contrôleur : AudioController et de la méthode : list
2024-10-26 00:17:06 - [error] - Appel de la méthode list dans le contrôleur AudioController
2024-10-26 00:18:28 - [info] - Tentative de chargement du contrôleur : AudioController et de la méthode : list
2024-10-26 00:18:28 - [info] - Appel de la méthode list dans le contrôleur AudioController
2024-10-26 00:18:33 - [info] - Tentative de chargement du contrôleur : MediaboxController et de la méthode : index
2024-10-26 00:18:33 - [info] - Appel de la méthode index dans le contrôleur MediaboxController
2024-10-26 00:18:35 - [info] - Tentative de chargement du contrôleur : AudioController et de la méthode : list
2024-10-26 00:18:35 - [info] - Appel de la méthode list dans le contrôleur AudioController
2024-10-26 00:18:41 - [info] - Tentative de chargement du contrôleur : CompteController et de la méthode : index
2024-10-26 00:18:41 - [info] - Appel de la méthode index dans le contrôleur CompteController
2024-10-26 00:19:17 - [info] - Tentative de chargement du contrôleur : AudioController et de la méthode : addMusic
2024-10-26 00:19:17 - [info] - Appel de la méthode addMusic dans le contrôleur AudioController
2024-10-26 00:19:17 - [info] - Début de la méthode addMusic
2024-10-26 00:19:17 - [info] - Requête POST reçue
2024-10-26 00:19:17 - [info] - Champs requis présents
2024-10-26 00:19:17 - [info] - Tentative de déplacement de l'image vers : Ressources/images/pochettes/Alicia2.webp
2024-10-26 00:19:17 - [info] - Tentative de déplacement de l'audio vers : Ressources/audio/Alicia Keys - 02. Brand New Me.m4a
2024-10-26 00:19:17 - [info] - Image déplacée avec succès
2024-10-26 00:19:17 - [info] - Audio déplacé avec succès
2024-10-26 00:19:17 - [error] - Erreur : user_id est null
2024-10-26 00:19:17 - [info] - Tentative de chargement du contrôleur : CompteController et de la méthode : index
2024-10-26 00:19:17 - [info] - Appel de la méthode index dans le contrôleur CompteController
2024-10-26 00:20:16 - [info] - Tentative de chargement du contrôleur : DeconnexionController et de la méthode : index
2024-10-26 00:20:16 - [info] - Appel de la méthode index dans le contrôleur DeconnexionController
2024-10-26 00:20:16 - [info] - Tentative de chargement du contrôleur : AccueilController et de la méthode : index
2024-10-26 00:20:16 - [info] - Appel de la méthode index dans le contrôleur AccueilController
2024-10-26 00:20:16 - [error] - Début de la méthode index dans AccueilController
2024-10-26 00:20:16 - [error] - Utilisateur non connecté, affichage de l'accueil
2024-10-26 00:20:18 - [info] - Tentative de chargement du contrôleur : ConnexionController et de la méthode : index
2024-10-26 00:20:18 - [info] - Appel de la méthode index dans le contrôleur ConnexionController
2024-10-26 00:20:27 - [info] - Tentative de chargement du contrôleur : ConnexionController et de la méthode : connect
2024-10-26 00:20:27 - [info] - Appel de la méthode connect dans le contrôleur ConnexionController
2024-10-26 00:20:27 - [info] - Tentative de chargement du contrôleur : MediaboxController et de la méthode : index
2024-10-26 00:20:27 - [info] - Appel de la méthode index dans le contrôleur MediaboxController
2024-10-26 00:20:30 - [info] - Tentative de chargement du contrôleur : AudioController et de la méthode : list
2024-10-26 00:20:30 - [info] - Appel de la méthode list dans le contrôleur AudioController
2024-10-26 00:20:33 - [info] - Tentative de chargement du contrôleur : CompteController et de la méthode : index
2024-10-26 00:20:33 - [info] - Appel de la méthode index dans le contrôleur CompteController
2024-10-26 00:20:59 - [info] - Tentative de chargement du contrôleur : AudioController et de la méthode : addMusic
2024-10-26 00:20:59 - [info] - Appel de la méthode addMusic dans le contrôleur AudioController
2024-10-26 00:20:59 - [info] - Début de la méthode addMusic
2024-10-26 00:20:59 - [info] - Requête POST reçue
2024-10-26 00:20:59 - [info] - Champs requis présents
2024-10-26 00:20:59 - [info] - Tentative de déplacement de l'image vers : Ressources/images/pochettes/Alicia2.webp
2024-10-26 00:20:59 - [info] - Tentative de déplacement de l'audio vers : Ressources/audio/Alicia Keys - 02. Brand New Me.m4a
2024-10-26 00:20:59 - [info] - Image déplacée avec succès
2024-10-26 00:20:59 - [info] - Audio déplacé avec succès
2024-10-26 00:20:59 - [error] - Erreur : user_id est null
2024-10-26 00:20:59 - [info] - Tentative de chargement du contrôleur : CompteController et de la méthode : index
2024-10-26 00:20:59 - [info] - Appel de la méthode index dans le contrôleur CompteController
2024-10-26 00:23:04 - [info] - Tentative de chargement du contrôleur : DeconnexionController et de la méthode : index
2024-10-26 00:23:04 - [info] - Appel de la méthode index dans le contrôleur DeconnexionController
2024-10-26 00:23:04 - [info] - Tentative de chargement du contrôleur : AccueilController et de la méthode : index
2024-10-26 00:23:04 - [info] - Appel de la méthode index dans le contrôleur AccueilController
2024-10-26 00:23:04 - [error] - Début de la méthode index dans AccueilController
2024-10-26 00:23:04 - [error] - Utilisateur non connecté, affichage de l'accueil
2024-10-26 00:23:06 - [info] - Tentative de chargement du contrôleur : ConnexionController et de la méthode : index
2024-10-26 00:23:06 - [info] - Appel de la méthode index dans le contrôleur ConnexionController
2024-10-26 00:23:43 - [info] - Tentative de chargement du contrôleur : CreationController et de la méthode : createUserForm
2024-10-26 00:23:43 - [info] - Appel de la méthode createUserForm dans le contrôleur CreationController
2024-10-26 00:24:01 - [info] - Tentative de chargement du contrôleur : CreationController et de la méthode : create
2024-10-26 00:24:01 - [info] - Appel de la méthode create dans le contrôleur CreationController
2024-10-26 00:24:01 - [info] - Tentative de chargement du contrôleur : MediaboxController et de la méthode : index
2024-10-26 00:24:01 - [info] - Appel de la méthode index dans le contrôleur MediaboxController
2024-10-26 00:24:43 - [info] - Tentative de chargement du contrôleur : AudioController et de la méthode : list
2024-10-26 00:24:43 - [info] - Appel de la méthode list dans le contrôleur AudioController
2024-10-26 00:24:46 - [info] - Tentative de chargement du contrôleur : CompteController et de la méthode : index
2024-10-26 00:24:46 - [info] - Appel de la méthode index dans le contrôleur CompteController
2024-10-26 00:25:23 - [info] - Tentative de chargement du contrôleur : AudioController et de la méthode : addMusic
2024-10-26 00:25:23 - [info] - Appel de la méthode addMusic dans le contrôleur AudioController
2024-10-26 00:25:23 - [info] - Début de la méthode addMusic
2024-10-26 00:25:23 - [info] - Requête POST reçue
2024-10-26 00:25:23 - [info] - Champs requis présents
2024-10-26 00:25:24 - [info] - Tentative de déplacement de l'image vers : Ressources/images/pochettes/Alicia2.webp
2024-10-26 00:25:24 - [info] - Tentative de déplacement de l'audio vers : Ressources/audio/Alicia Keys - 02. Brand New Me.m4a
2024-10-26 00:25:24 - [info] - Image déplacée avec succès
2024-10-26 00:25:24 - [info] - Audio déplacé avec succès
2024-10-26 00:25:24 - [info] - Musique ajoutée avec succès dans la base de données
2024-10-26 00:25:24 - [info] - Tentative de chargement du contrôleur : AudioController et de la méthode : list
2024-10-26 00:25:24 - [info] - Appel de la méthode list dans le contrôleur AudioController
2024-10-26 00:27:02 - [info] - Tentative de chargement du contrôleur : AudioController et de la méthode : list
2024-10-26 00:27:02 - [info] - Appel de la méthode list dans le contrôleur AudioController
2024-10-26 00:28:24 - [info] - Tentative de chargement du contrôleur : CompteController et de la méthode : index
2024-10-26 00:28:24 - [info] - Appel de la méthode index dans le contrôleur CompteController
2024-10-26 00:32:37 - [info] - Tentative de chargement du contrôleur : CompteController et de la méthode : index
2024-10-26 00:32:37 - [info] - Appel de la méthode index dans le contrôleur CompteController
2024-10-26 00:32:41 - [info] - Tentative de chargement du contrôleur : CompteController et de la méthode : index
2024-10-26 00:32:41 - [info] - Appel de la méthode index dans le contrôleur CompteController
2024-10-26 00:32:45 - [info] - Tentative de chargement du contrôleur : CompteController et de la méthode : index
2024-10-26 00:32:45 - [info] - Appel de la méthode index dans le contrôleur CompteController
2024-10-26 00:32:51 - [info] - Tentative de chargement du contrôleur : CompteController et de la méthode : index
2024-10-26 00:32:51 - [info] - Appel de la méthode index dans le contrôleur CompteController
2024-10-26 00:39:18 - [info] - Tentative de chargement du contrôleur : CompteController et de la méthode : index
2024-10-26 00:39:18 - [info] - Appel de la méthode index dans le contrôleur CompteController
2024-10-26 00:40:15 - [info] - Tentative de chargement du contrôleur : CompteController et de la méthode : index
2024-10-26 00:40:15 - [info] - Appel de la méthode index dans le contrôleur CompteController
2024-10-26 00:40:36 - [info] - Tentative de chargement du contrôleur : CompteController et de la méthode : index
2024-10-26 00:40:36 - [info] - Appel de la méthode index dans le contrôleur CompteController
2024-10-26 00:48:18 - [info] - Tentative de chargement du contrôleur : CompteController et de la méthode : index
2024-10-26 00:48:18 - [info] - Appel de la méthode index dans le contrôleur CompteController
2024-10-26 00:51:44 - [info] - Tentative de chargement du contrôleur : CompteController et de la méthode : index
2024-10-26 00:51:44 - [info] - Appel de la méthode index dans le contrôleur CompteController
2024-10-26 00:52:19 - [info] - Tentative de chargement du contrôleur : CompteController et de la méthode : index
2024-10-26 00:52:19 - [info] - Appel de la méthode index dans le contrôleur CompteController
2024-10-26 00:52:22 - [info] - Tentative de chargement du contrôleur : CompteController et de la méthode : index
2024-10-26 00:52:22 - [info] - Appel de la méthode index dans le contrôleur CompteController
2024-10-26 00:52:26 - [info] - Tentative de chargement du contrôleur : CompteController et de la méthode : index
2024-10-26 00:52:26 - [info] - Appel de la méthode index dans le contrôleur CompteController
2024-10-26 00:52:27 - [info] - Tentative de chargement du contrôleur : CompteController et de la méthode : index
2024-10-26 00:52:27 - [info] - Appel de la méthode index dans le contrôleur CompteController
2024-10-26 00:52:28 - [info] - Tentative de chargement du contrôleur : CompteController et de la méthode : index
2024-10-26 00:52:28 - [info] - Appel de la méthode index dans le contrôleur CompteController
